<?xml version="1.0" encoding="UTF-8"?>
<!-- Generated by org.testng.reporters.JUnitReportReporter -->
<testsuite hostname="lenovolaptop" failures="0" tests="2" name="test.Login" time="6.274" errors="0" timestamp="2023-02-25T15:46:23 IST" skipped="0">
  <testcase classname="test.Login" name="login" time="3.898"/>
  <system-out/>
  <testcase classname="test.Login" name="url" time="2.376"/>
  <system-out/>
</testsuite> <!-- test.Login -->
