<?xml version="1.0" encoding="UTF-8"?>
<!-- Generated by org.testng.reporters.JUnitReportReporter -->
<testsuite hostname="Kiran-Borse" failures="0" tests="1" name="genericPackage.demo" time="5.349" errors="0" timestamp="2024-01-09T22:26:59 IST" skipped="0">
  <testcase classname="genericPackage.demo" name="demo" time="5.349"/>
  <system-out/>
</testsuite> <!-- genericPackage.demo -->
