<?xml version="1.0" encoding="UTF-8"?>
<!-- Generated by org.testng.reporters.JUnitReportReporter -->
<testsuite hostname="Kiran-Borse" failures="0" tests="1" name="testPackage.FlowOfActiTime" time="37.045" errors="0" timestamp="2024-01-09T23:03:03 IST" skipped="0">
  <testcase classname="testPackage.FlowOfActiTime" name="endFlowofactitime" time="37.045"/>
  <system-out>
    <![CDATA[Admin create customer
Admin create project
Admin create manager
Manager create task
Manager creates TestEngg.
Manger assign task
TestEngg. perform task
Manager complete task
Manager archieve project]]>
  </system-out>
</testsuite> <!-- testPackage.FlowOfActiTime -->
