<?xml version="1.0" encoding="UTF-8"?>
<!-- Generated by org.testng.reporters.JUnitReportReporter -->
<testsuite hostname="Kiran-Borse" failures="0" tests="1" name="testPackage.InvalidLoginTest" time="47.250" errors="0" timestamp="2024-01-09T22:59:44 IST" skipped="0">
  <testcase classname="testPackage.InvalidLoginTest" name="invalid" time="47.250"/>
  <system-out/>
</testsuite> <!-- testPackage.InvalidLoginTest -->
