<?xml version="1.0" encoding="UTF-8"?>
<!-- Generated by org.testng.reporters.JUnitReportReporter -->
<testsuite hostname="lenovolaptop" failures="0" tests="1" name="test.Testcase" time="5.371" errors="0" timestamp="2023-02-25T15:18:40 IST" skipped="0">
  <testcase classname="test.Testcase" name="test" time="5.371"/>
  <system-out/>
</testsuite> <!-- test.Testcase -->
