<?xml version="1.0" encoding="UTF-8"?>
<!-- Generated by org.testng.reporters.JUnitReportReporter -->
<testsuite hostname="Kiran-Borse" failures="0" tests="1" name="testPackage.ValidLoginTest" time="4.388" errors="0" timestamp="2024-01-09T22:58:05 IST" skipped="0">
  <testcase classname="testPackage.ValidLoginTest" name="validtest" time="4.388"/>
  <system-out/>
</testsuite> <!-- testPackage.ValidLoginTest -->
